<?xml version="1.0" encoding="UTF-8"?>
<!-- Generated by org.testng.reporters.JUnitXMLReporter -->
<testsuite ignored="1" hostname="DESKTOP-HO3NPSQ" failures="0" tests="1" name="Default test" time="15.223" errors="0" timestamp="2021-06-01T18:04:13 IST">
  <testcase classname="com.framework.datadriven.utils.XMLSeleniumTest" name="testCompanyOffersDiscount" time="7.79"/>
  <testcase classname="com.framework.datadriven.utils.XMLSeleniumTest" name="testShopify" time="0.0">
    <ignored/>
  </testcase> <!-- testShopify -->
</testsuite> <!-- Default test -->
