<?xml version="1.0" encoding="UTF-8"?>
<!-- Generated by org.testng.reporters.JUnitXMLReporter -->
<testsuite ignored="0" hostname="DESKTOP-HO3NPSQ" failures="0" tests="2" name="Default test" time="18.651" errors="0" timestamp="2021-06-01T14:10:15 IST">
  <testcase classname="com.framework.datadriven.tests.HomeTestExcelDataMapExample" name="signUpDataProviderTest" time="3.029"/>
  <testcase classname="com.framework.datadriven.tests.HomeTestExcelDataMapExample" name="signUpDataProviderTest" time="2.659"/>
</testsuite> <!-- Default test -->
