<?xml version="1.0" encoding="UTF-8"?>
<!-- Generated by org.testng.reporters.JUnitXMLReporter -->
<testsuite ignored="0" hostname="DESKTOP-HO3NPSQ" failures="10" tests="12" name="Test" time="389.837" errors="0" timestamp="2021-06-01T19:19:24 IST">
  <testcase classname="com.framework.datadriven.tests.HomeTest" name="signInTest" time="1.258"/>
  <testcase classname="com.framework.datadriven.tests.HomeTest" name="signUpDataProviderTest" time="35.976">
    <failure type="java.lang.AssertionError" message="Unable to find the element using the By locator: &amp;lt;By.name: account.address&amp;gt;">
      <![CDATA[java.lang.AssertionError: Unable to find the element using the By locator: <By.name: account.address>
at com.framework.datadriven.pages.BasePage.sendKeysToWebElement(BasePage.java:57)
at com.framework.datadriven.pages.HomePage.signUpDataProvider(HomePage.java:75)
at com.framework.datadriven.tests.HomeTest.signUpDataProviderTest(HomeTest.java:46)
at java.base/java.util.ArrayList.forEach(ArrayList.java:1511)
... Removed 28 stack frames]]>
    </failure>
  </testcase> <!-- signUpDataProviderTest -->
  <testcase classname="com.framework.datadriven.tests.HomeTest" name="signUpDataProviderTest" time="35.578">
    <failure type="java.lang.AssertionError" message="Unable to find the element using the By locator: &amp;lt;By.name: account.address&amp;gt;">
      <![CDATA[java.lang.AssertionError: Unable to find the element using the By locator: <By.name: account.address>
at com.framework.datadriven.pages.BasePage.sendKeysToWebElement(BasePage.java:57)
at com.framework.datadriven.pages.HomePage.signUpDataProvider(HomePage.java:75)
at com.framework.datadriven.tests.HomeTest.signUpDataProviderTest(HomeTest.java:46)
at java.base/java.util.ArrayList.forEach(ArrayList.java:1511)
... Removed 28 stack frames]]>
    </failure>
  </testcase> <!-- signUpDataProviderTest -->
  <testcase classname="com.framework.datadriven.tests.HomeTest" name="signUpTest" time="35.691">
    <failure type="java.lang.AssertionError" message="Unable to find the element using the By locator: &amp;lt;By.name: account.address&amp;gt;">
      <![CDATA[java.lang.AssertionError: Unable to find the element using the By locator: <By.name: account.address>
at com.framework.datadriven.pages.BasePage.sendKeysToWebElement(BasePage.java:57)
at com.framework.datadriven.pages.HomePage.signUp(HomePage.java:58)
at com.framework.datadriven.tests.HomeTest.signUpTest(HomeTest.java:36)
at java.base/java.util.ArrayList.forEach(ArrayList.java:1511)
... Removed 28 stack frames]]>
    </failure>
  </testcase> <!-- signUpTest -->
  <testcase classname="com.framework.datadriven.tests.HomeTest" name="validateTitle" time="0.015">
    <failure type="java.lang.AssertionError" message="expected [JPetStore Demo1] but found [JPetStore Demo]">
      <![CDATA[java.lang.AssertionError: expected [JPetStore Demo1] but found [JPetStore Demo]
at com.framework.datadriven.tests.HomeTest.validateTitle(HomeTest.java:20)
at java.base/java.util.ArrayList.forEach(ArrayList.java:1511)
... Removed 33 stack frames]]>
    </failure>
  </testcase> <!-- validateTitle -->
  <testcase classname="com.framework.datadriven.tests.HomeTestExcelData" name="signUpDataProviderTest" time="35.843">
    <failure type="java.lang.AssertionError" message="Unable to find the element using the By locator: &amp;lt;By.name: account.address&amp;gt;">
      <![CDATA[java.lang.AssertionError: Unable to find the element using the By locator: <By.name: account.address>
at com.framework.datadriven.pages.BasePage.sendKeysToWebElement(BasePage.java:57)
at com.framework.datadriven.pages.HomePage.signUpDataProvider(HomePage.java:75)
at com.framework.datadriven.tests.HomeTestExcelData.signUpDataProviderTest(HomeTestExcelData.java:21)
at java.base/java.util.ArrayList.forEach(ArrayList.java:1511)
... Removed 28 stack frames]]>
    </failure>
  </testcase> <!-- signUpDataProviderTest -->
  <testcase classname="com.framework.datadriven.tests.HomeTestExcelData" name="signUpDataProviderTest" time="35.852">
    <failure type="java.lang.AssertionError" message="Unable to find the element using the By locator: &amp;lt;By.name: account.address&amp;gt;">
      <![CDATA[java.lang.AssertionError: Unable to find the element using the By locator: <By.name: account.address>
at com.framework.datadriven.pages.BasePage.sendKeysToWebElement(BasePage.java:57)
at com.framework.datadriven.pages.HomePage.signUpDataProvider(HomePage.java:75)
at com.framework.datadriven.tests.HomeTestExcelData.signUpDataProviderTest(HomeTestExcelData.java:21)
at java.base/java.util.ArrayList.forEach(ArrayList.java:1511)
... Removed 28 stack frames]]>
    </failure>
  </testcase> <!-- signUpDataProviderTest -->
  <testcase classname="com.framework.datadriven.tests.HomeTestExcelDataMapExample" name="signUpDataProviderTest" time="35.771">
    <failure type="java.lang.AssertionError" message="Unable to find the element using the By locator: &amp;lt;By.name: account.address&amp;gt;">
      <![CDATA[java.lang.AssertionError: Unable to find the element using the By locator: <By.name: account.address>
at com.framework.datadriven.pages.BasePage.sendKeysToWebElement(BasePage.java:57)
at com.framework.datadriven.pages.HomePage.signUpDataProvider(HomePage.java:75)
at com.framework.datadriven.tests.HomeTestExcelDataMapExample.signUpDataProviderTest(HomeTestExcelDataMapExample.java:30)
at java.base/java.util.ArrayList.forEach(ArrayList.java:1511)
... Removed 28 stack frames]]>
    </failure>
  </testcase> <!-- signUpDataProviderTest -->
  <testcase classname="com.framework.datadriven.tests.HomeTestExcelDataMapExample" name="signUpDataProviderTest" time="35.636">
    <failure type="java.lang.AssertionError" message="Unable to find the element using the By locator: &amp;lt;By.name: account.address&amp;gt;">
      <![CDATA[java.lang.AssertionError: Unable to find the element using the By locator: <By.name: account.address>
at com.framework.datadriven.pages.BasePage.sendKeysToWebElement(BasePage.java:57)
at com.framework.datadriven.pages.HomePage.signUpDataProvider(HomePage.java:75)
at com.framework.datadriven.tests.HomeTestExcelDataMapExample.signUpDataProviderTest(HomeTestExcelDataMapExample.java:30)
at java.base/java.util.ArrayList.forEach(ArrayList.java:1511)
... Removed 28 stack frames]]>
    </failure>
  </testcase> <!-- signUpDataProviderTest -->
  <testcase classname="com.framework.datadriven.tests.HomeTestCSVData" name="signUpDataProviderTest" time="35.387">
    <failure type="java.lang.AssertionError" message="Unable to find the element using the By locator: &amp;lt;By.name: account.address&amp;gt;">
      <![CDATA[java.lang.AssertionError: Unable to find the element using the By locator: <By.name: account.address>
at com.framework.datadriven.pages.BasePage.sendKeysToWebElement(BasePage.java:57)
at com.framework.datadriven.pages.HomePage.signUpDataProvider(HomePage.java:75)
at com.framework.datadriven.tests.HomeTestCSVData.signUpDataProviderTest(HomeTestCSVData.java:32)
at java.base/java.util.ArrayList.forEach(ArrayList.java:1511)
... Removed 28 stack frames]]>
    </failure>
  </testcase> <!-- signUpDataProviderTest -->
  <testcase classname="com.framework.datadriven.tests.HomeTestCSVData" name="signUpDataProviderTest" time="35.727">
    <failure type="java.lang.AssertionError" message="Unable to find the element using the By locator: &amp;lt;By.name: account.address&amp;gt;">
      <![CDATA[java.lang.AssertionError: Unable to find the element using the By locator: <By.name: account.address>
at com.framework.datadriven.pages.BasePage.sendKeysToWebElement(BasePage.java:57)
at com.framework.datadriven.pages.HomePage.signUpDataProvider(HomePage.java:75)
at com.framework.datadriven.tests.HomeTestCSVData.signUpDataProviderTest(HomeTestCSVData.java:32)
at java.base/java.util.ArrayList.forEach(ArrayList.java:1511)
... Removed 28 stack frames]]>
    </failure>
  </testcase> <!-- signUpDataProviderTest -->
  <testcase classname="com.framework.datadriven.tests.FishTest" name="addLargeAngelFishTest" time="1.045"/>
</testsuite> <!-- Test -->
