<?xml version="1.0" encoding="UTF-8"?>
<testng-results ignored="1" total="2" passed="1" failed="0" skipped="0">
  <reporter-output>
  </reporter-output>
  <suite started-at="2021-06-01T16:42:22 IST" name="Default suite" finished-at="2021-06-01T16:42:36 IST" duration-ms="13953">
    <groups>
    </groups>
    <test started-at="2021-06-01T16:42:22 IST" name="Default test" finished-at="2021-06-01T16:42:36 IST" duration-ms="13953">
      <class name="com.framework.datadriven.utils.XMLSeleniumTest">
        <test-method is-config="true" signature="setup()[pri:0, instance:com.framework.datadriven.utils.XMLSeleniumTest@50ad3bc1]" started-at="2021-06-01T16:42:22 IST" name="setup" finished-at="2021-06-01T16:42:27 IST" duration-ms="5146" status="PASS">
          <reporter-output>
          </reporter-output>
        </test-method> <!-- setup -->
        <test-method signature="testShopify()[pri:0, instance:com.framework.datadriven.utils.XMLSeleniumTest@50ad3bc1]" started-at="2021-06-01T16:42:27 IST" name="testShopify" finished-at="2021-06-01T16:42:35 IST" duration-ms="7856" status="PASS">
          <reporter-output>
          </reporter-output>
        </test-method> <!-- testShopify -->
        <test-method is-config="true" signature="teardown()[pri:0, instance:com.framework.datadriven.utils.XMLSeleniumTest@50ad3bc1]" started-at="2021-06-01T16:42:35 IST" name="teardown" finished-at="2021-06-01T16:42:36 IST" duration-ms="885" status="PASS">
          <reporter-output>
          </reporter-output>
        </test-method> <!-- teardown -->
      </class> <!-- com.framework.datadriven.utils.XMLSeleniumTest -->
    </test> <!-- Default test -->
  </suite> <!-- Default suite -->
</testng-results>
